[debug] [2023-04-29T01:26:47.965Z] ----------------------------------------------------------------------
[debug] [2023-04-29T01:26:47.967Z] Command:       /usr/local/bin/node /usr/local/bin/firebase deploy --only functions
[debug] [2023-04-29T01:26:47.967Z] CLI Version:   11.29.1
[debug] [2023-04-29T01:26:47.968Z] Platform:      darwin
[debug] [2023-04-29T01:26:47.968Z] Node Version:  v18.16.0
[debug] [2023-04-29T01:26:47.969Z] Time:          Fri Apr 28 2023 21:26:47 GMT-0400 (Eastern Daylight Time)
[debug] [2023-04-29T01:26:47.969Z] ----------------------------------------------------------------------
[debug] 
[debug] [2023-04-29T01:26:48.042Z] > command requires scopes: ["email","openid","https://www.googleapis.com/auth/cloudplatformprojects.readonly","https://www.googleapis.com/auth/firebase","https://www.googleapis.com/auth/cloud-platform"]
[debug] [2023-04-29T01:26:48.042Z] > authorizing via signed-in user (calebhaabbott94@gmail.com)
[debug] [2023-04-29T01:26:48.042Z] [iam] checking project trailer-rental-facce for permissions ["cloudfunctions.functions.create","cloudfunctions.functions.delete","cloudfunctions.functions.get","cloudfunctions.functions.list","cloudfunctions.functions.update","cloudfunctions.operations.get","firebase.projects.get"]
[debug] [2023-04-29T01:26:48.044Z] >>> [apiv2][query] POST https://cloudresourcemanager.googleapis.com/v1/projects/trailer-rental-facce:testIamPermissions [none]
[debug] [2023-04-29T01:26:48.044Z] >>> [apiv2][(partial)header] POST https://cloudresourcemanager.googleapis.com/v1/projects/trailer-rental-facce:testIamPermissions x-goog-quota-user=projects/trailer-rental-facce
[debug] [2023-04-29T01:26:48.045Z] >>> [apiv2][body] POST https://cloudresourcemanager.googleapis.com/v1/projects/trailer-rental-facce:testIamPermissions {"permissions":["cloudfunctions.functions.create","cloudfunctions.functions.delete","cloudfunctions.functions.get","cloudfunctions.functions.list","cloudfunctions.functions.update","cloudfunctions.operations.get","firebase.projects.get"]}
[debug] [2023-04-29T01:26:48.406Z] <<< [apiv2][status] POST https://cloudresourcemanager.googleapis.com/v1/projects/trailer-rental-facce:testIamPermissions 200
[debug] [2023-04-29T01:26:48.407Z] <<< [apiv2][body] POST https://cloudresourcemanager.googleapis.com/v1/projects/trailer-rental-facce:testIamPermissions {"permissions":["cloudfunctions.functions.create","cloudfunctions.functions.delete","cloudfunctions.functions.get","cloudfunctions.functions.list","cloudfunctions.functions.update","cloudfunctions.operations.get","firebase.projects.get"]}
[debug] [2023-04-29T01:26:48.408Z] >>> [apiv2][query] POST https://iam.googleapis.com/v1/projects/trailer-rental-facce/serviceAccounts/trailer-rental-facce@appspot.gserviceaccount.com:testIamPermissions [none]
[debug] [2023-04-29T01:26:48.408Z] >>> [apiv2][body] POST https://iam.googleapis.com/v1/projects/trailer-rental-facce/serviceAccounts/trailer-rental-facce@appspot.gserviceaccount.com:testIamPermissions {"permissions":["iam.serviceAccounts.actAs"]}
[debug] [2023-04-29T01:26:48.660Z] <<< [apiv2][status] POST https://iam.googleapis.com/v1/projects/trailer-rental-facce/serviceAccounts/trailer-rental-facce@appspot.gserviceaccount.com:testIamPermissions 200
[debug] [2023-04-29T01:26:48.660Z] <<< [apiv2][body] POST https://iam.googleapis.com/v1/projects/trailer-rental-facce/serviceAccounts/trailer-rental-facce@appspot.gserviceaccount.com:testIamPermissions {"permissions":["iam.serviceAccounts.actAs"]}
[info] 
[info] === Deploying to 'trailer-rental-facce'...
[info] 
[info] i  deploying functions 
[debug] [2023-04-29T01:26:48.663Z] >>> [apiv2][query] GET https://firebase.googleapis.com/v1beta1/projects/trailer-rental-facce [none]
[debug] [2023-04-29T01:26:48.953Z] <<< [apiv2][status] GET https://firebase.googleapis.com/v1beta1/projects/trailer-rental-facce 200
[debug] [2023-04-29T01:26:48.953Z] <<< [apiv2][body] GET https://firebase.googleapis.com/v1beta1/projects/trailer-rental-facce {"projectId":"trailer-rental-facce","projectNumber":"1002679932971","displayName":"trailer-rental","name":"projects/trailer-rental-facce","resources":{"hostingSite":"trailer-rental-facce","realtimeDatabaseInstance":"trailer-rental-facce-default-rtdb","storageBucket":"trailer-rental-facce.appspot.com","locationId":"us-central"},"state":"ACTIVE","etag":"1_ab38cd4d-6f86-45ba-adb6-246e93b76e06"}
[info] i  functions: preparing codebase default for deployment 
[info] i  functions: ensuring required API cloudfunctions.googleapis.com is enabled... 
[info] i  functions: ensuring required API cloudbuild.googleapis.com is enabled... 
[info] i  artifactregistry: ensuring required API artifactregistry.googleapis.com is enabled... 
[debug] [2023-04-29T01:26:48.955Z] >>> [apiv2][query] GET https://serviceusage.googleapis.com/v1/projects/trailer-rental-facce/services/cloudfunctions.googleapis.com [none]
[debug] [2023-04-29T01:26:48.955Z] >>> [apiv2][(partial)header] GET https://serviceusage.googleapis.com/v1/projects/trailer-rental-facce/services/cloudfunctions.googleapis.com x-goog-quota-user=projects/trailer-rental-facce
[debug] [2023-04-29T01:26:48.957Z] >>> [apiv2][query] GET https://serviceusage.googleapis.com/v1/projects/trailer-rental-facce/services/runtimeconfig.googleapis.com [none]
[debug] [2023-04-29T01:26:48.957Z] >>> [apiv2][(partial)header] GET https://serviceusage.googleapis.com/v1/projects/trailer-rental-facce/services/runtimeconfig.googleapis.com x-goog-quota-user=projects/trailer-rental-facce
[debug] [2023-04-29T01:26:48.958Z] >>> [apiv2][query] GET https://serviceusage.googleapis.com/v1/projects/trailer-rental-facce/services/cloudbuild.googleapis.com [none]
[debug] [2023-04-29T01:26:48.958Z] >>> [apiv2][(partial)header] GET https://serviceusage.googleapis.com/v1/projects/trailer-rental-facce/services/cloudbuild.googleapis.com x-goog-quota-user=projects/trailer-rental-facce
[debug] [2023-04-29T01:26:48.959Z] >>> [apiv2][query] GET https://serviceusage.googleapis.com/v1/projects/trailer-rental-facce/services/artifactregistry.googleapis.com [none]
[debug] [2023-04-29T01:26:48.959Z] >>> [apiv2][(partial)header] GET https://serviceusage.googleapis.com/v1/projects/trailer-rental-facce/services/artifactregistry.googleapis.com x-goog-quota-user=projects/trailer-rental-facce
[debug] [2023-04-29T01:26:49.486Z] <<< [apiv2][status] GET https://serviceusage.googleapis.com/v1/projects/trailer-rental-facce/services/runtimeconfig.googleapis.com 200
[debug] [2023-04-29T01:26:49.486Z] <<< [apiv2][body] GET https://serviceusage.googleapis.com/v1/projects/trailer-rental-facce/services/runtimeconfig.googleapis.com [omitted]
[debug] [2023-04-29T01:26:49.486Z] <<< [apiv2][status] GET https://serviceusage.googleapis.com/v1/projects/trailer-rental-facce/services/artifactregistry.googleapis.com 200
[debug] [2023-04-29T01:26:49.487Z] <<< [apiv2][body] GET https://serviceusage.googleapis.com/v1/projects/trailer-rental-facce/services/artifactregistry.googleapis.com [omitted]
[info] ✔  artifactregistry: required API artifactregistry.googleapis.com is enabled 
[debug] [2023-04-29T01:26:49.488Z] <<< [apiv2][status] GET https://serviceusage.googleapis.com/v1/projects/trailer-rental-facce/services/cloudbuild.googleapis.com 200
[debug] [2023-04-29T01:26:49.488Z] <<< [apiv2][body] GET https://serviceusage.googleapis.com/v1/projects/trailer-rental-facce/services/cloudbuild.googleapis.com [omitted]
[info] ✔  functions: required API cloudbuild.googleapis.com is enabled 
[debug] [2023-04-29T01:26:49.488Z] <<< [apiv2][status] GET https://serviceusage.googleapis.com/v1/projects/trailer-rental-facce/services/cloudfunctions.googleapis.com 200
[debug] [2023-04-29T01:26:49.488Z] <<< [apiv2][body] GET https://serviceusage.googleapis.com/v1/projects/trailer-rental-facce/services/cloudfunctions.googleapis.com [omitted]
[info] ✔  functions: required API cloudfunctions.googleapis.com is enabled 
[debug] [2023-04-29T01:26:49.489Z] >>> [apiv2][query] GET https://firebase.googleapis.com/v1beta1/projects/trailer-rental-facce/adminSdkConfig [none]
[debug] [2023-04-29T01:26:49.782Z] <<< [apiv2][status] GET https://firebase.googleapis.com/v1beta1/projects/trailer-rental-facce/adminSdkConfig 200
[debug] [2023-04-29T01:26:49.782Z] <<< [apiv2][body] GET https://firebase.googleapis.com/v1beta1/projects/trailer-rental-facce/adminSdkConfig {"projectId":"trailer-rental-facce","databaseURL":"https://trailer-rental-facce-default-rtdb.firebaseio.com","storageBucket":"trailer-rental-facce.appspot.com","locationId":"us-central"}
[debug] [2023-04-29T01:26:49.783Z] >>> [apiv2][query] GET https://runtimeconfig.googleapis.com/v1beta1/projects/trailer-rental-facce/configs [none]
[debug] [2023-04-29T01:26:50.384Z] <<< [apiv2][status] GET https://runtimeconfig.googleapis.com/v1beta1/projects/trailer-rental-facce/configs 200
[debug] [2023-04-29T01:26:50.384Z] <<< [apiv2][body] GET https://runtimeconfig.googleapis.com/v1beta1/projects/trailer-rental-facce/configs {}
[debug] [2023-04-29T01:26:50.386Z] Validating nodejs source
[debug] [2023-04-29T01:26:51.162Z] > [functions] package.json contents: {
  "name": "functions",
  "description": "Cloud Functions for Firebase",
  "scripts": {
    "serve": "firebase emulators:start --only functions",
    "shell": "firebase functions:shell",
    "start": "npm run shell",
    "deploy": "firebase deploy --only functions",
    "logs": "firebase functions:log"
  },
  "engines": {
    "node": "16"
  },
  "main": "index.js",
  "dependencies": {
    "firebase-admin": "^11.5.0",
    "firebase-functions": "^4.2.0"
  },
  "devDependencies": {
    "firebase-functions-test": "^3.0.0"
  },
  "private": true
}
[debug] [2023-04-29T01:26:51.162Z] Building nodejs source
[debug] [2023-04-29T01:26:51.163Z] Could not find functions.yaml. Must use http discovery
[debug] [2023-04-29T01:26:51.178Z] Found firebase-functions binary at '/Users/CABB/trailer-rental/functions/node_modules/.bin/firebase-functions'
[debug] [2023-04-29T01:26:51.344Z] Serving at port 8339

[debug] [2023-04-29T01:26:51.592Z] Got response from /__/functions.yaml {"endpoints":{"getAllItems":{"platform":"gcfv1","availableMemoryMb":null,"timeoutSeconds":null,"minInstances":null,"maxInstances":null,"ingressSettings":null,"serviceAccountEmail":null,"vpc":null,"httpsTrigger":{},"entryPoint":"getAllItems"},"getOneItem":{"platform":"gcfv1","availableMemoryMb":null,"timeoutSeconds":null,"minInstances":null,"maxInstances":null,"ingressSettings":null,"serviceAccountEmail":null,"vpc":null,"httpsTrigger":{},"entryPoint":"getOneItem"},"getOneItemAgain":{"platform":"gcfv1","availableMemoryMb":null,"timeoutSeconds":null,"minInstances":null,"maxInstances":null,"ingressSettings":null,"serviceAccountEmail":null,"vpc":null,"httpsTrigger":{},"entryPoint":"getOneItemAgain"}},"specVersion":"v1alpha1","requiredAPIs":[]}
[debug] [2023-04-29T01:26:51.736Z] FetchError: request to http://localhost:8339/__/quitquitquit failed, reason: connect EAGAIN ::1:8339 - Local (:::0)
    at ClientRequest.<anonymous> (/usr/local/lib/node_modules/firebase-tools/node_modules/node-fetch/lib/index.js:1491:11)
    at ClientRequest.emit (node:events:513:28)
    at ClientRequest.emit (node:domain:489:12)
    at Socket.socketErrorListener (node:_http_client:502:9)
    at Socket.emit (node:events:513:28)
    at Socket.emit (node:domain:489:12)
    at emitErrorNT (node:internal/streams/destroy:151:8)
    at emitErrorCloseNT (node:internal/streams/destroy:116:3)
    at process.processTicksAndRejections (node:internal/process/task_queues:82:21)
[error] 
[error] Error: An unexpected error has occurred.
